[debug] [2023-08-08T23:38:16.765Z] ----------------------------------------------------------------------
[debug] [2023-08-08T23:38:16.767Z] Command:       /usr/local/bin/node /usr/local/bin/firebase init
[debug] [2023-08-08T23:38:16.767Z] CLI Version:   12.4.7
[debug] [2023-08-08T23:38:16.767Z] Platform:      darwin
[debug] [2023-08-08T23:38:16.767Z] Node Version:  v20.5.0
[debug] [2023-08-08T23:38:16.767Z] Time:          Wed Aug 09 2023 06:38:16 GMT+0700 (Indochina Time)
[debug] [2023-08-08T23:38:16.767Z] ----------------------------------------------------------------------
[debug] 
[debug] [2023-08-08T23:38:16.769Z] > command requires scopes: ["email","openid","https://www.googleapis.com/auth/cloudplatformprojects.readonly","https://www.googleapis.com/auth/firebase","https://www.googleapis.com/auth/cloud-platform"]
[debug] [2023-08-08T23:38:16.770Z] > authorizing via signed-in user (ylakhonjun@gmail.com)
[info] 
     ######## #### ########  ######## ########     ###     ######  ########
     ##        ##  ##     ## ##       ##     ##  ##   ##  ##       ##
     ######    ##  ########  ######   ########  #########  ######  ######
     ##        ##  ##    ##  ##       ##     ## ##     ##       ## ##
     ##       #### ##     ## ######## ########  ##     ##  ######  ########

You're about to initialize a Firebase project in this directory:

  /Users/yadalaaa/Desktop/ThirdYear/Compo/Lab3

[info] 
=== Project Setup
[info] 
[info] First, let's associate this project directory with a Firebase project.
[info] You can create multiple project aliases by running firebase use --add, 
[info] but for now we'll just set up a default project.
[info] 
[debug] [2023-08-08T23:39:10.084Z] >>> [apiv2][query] GET https://firebase.googleapis.com/v1beta1/projects pageSize=100
[debug] [2023-08-08T23:39:11.095Z] <<< [apiv2][status] GET https://firebase.googleapis.com/v1beta1/projects 200
[debug] [2023-08-08T23:39:11.095Z] <<< [apiv2][body] GET https://firebase.googleapis.com/v1beta1/projects [omitted]
[info] i  Using project test-331-lab06-6fe41 (test-331-lab06) 
[info] 
=== Hosting Setup
[info] 
[info] Your public directory is the folder (relative to your project directory) that
[info] will contain Hosting assets to be uploaded with firebase deploy. If you
[info] have a build process for your assets, use your build's output directory.
[info] 
[debug] [2023-08-08T23:40:31.915Z] >>> [apiv2][query] GET https://www.gstatic.com/firebasejs/releases.json [none]
[debug] [2023-08-08T23:40:32.290Z] <<< [apiv2][status] GET https://www.gstatic.com/firebasejs/releases.json 200
[debug] [2023-08-08T23:40:32.291Z] <<< [apiv2][body] GET https://www.gstatic.com/firebasejs/releases.json {"current":{"version":"10.1.0","browserURL":"https://www.gstatic.com/firebasejs/10.1.0/firebase.js","packageURL":"https://www.gstatic.com/firebasejs/10.1.0/firebase.tgz"},"live":{"version":"10.1","browserURL":"https://www.gstatic.com/firebasejs/live/10.1/firebase.js","packageURL":"https://www.gstatic.com/firebasejs/live/10.1/firebase.tgz"},"components":{"analytics":"https://www.gstatic.com/firebasejs/10.1.0/firebase-analytics.js","app":"https://www.gstatic.com/firebasejs/10.1.0/firebase-app.js","app-check":"https://www.gstatic.com/firebasejs/10.1.0/firebase-app-check.js","auth":"https://www.gstatic.com/firebasejs/10.1.0/firebase-auth.js","auth/cordova":"https://www.gstatic.com/firebasejs/10.1.0/firebase-auth/cordova.js","functions":"https://www.gstatic.com/firebasejs/10.1.0/firebase-functions.js","firestore":"https://www.gstatic.com/firebasejs/10.1.0/firebase-firestore.js","firestore/lite":"https://www.gstatic.com/firebasejs/10.1.0/firebase-firestore/lite.js","installations":"https://www.gstatic.com/firebasejs/10.1.0/firebase-installations.js","storage":"https://www.gstatic.com/firebasejs/10.1.0/firebase-storage.js","performance":"https://www.gstatic.com/firebasejs/10.1.0/firebase-performance.js","remote-config":"https://www.gstatic.com/firebasejs/10.1.0/firebase-remote-config.js","messaging":"https://www.gstatic.com/firebasejs/10.1.0/firebase-messaging.js","messaging/sw":"https://www.gstatic.com/firebasejs/10.1.0/firebase-messaging/sw.js","database":"https://www.gstatic.com/firebasejs/10.1.0/firebase-database.js","firestore.memory":"https://www.gstatic.com/firebasejs/10.1.0/firebase-firestore.memory.js"}}
[info] ✔  Wrote dist/index.html 
[info] 
[info] i  Detected a .git folder at /Users/yadalaaa/Desktop/ThirdYear/Compo/Lab3 
[info] i  Authorizing with GitHub to upload your service account to a GitHub repository's secrets store. 
[info] 
[info] Visit this URL on this device to log in:
[info] https://github.com/login/oauth/authorize?client_id=89cf50f02ac6aaed3484&state=742917473&redirect_uri=http%3A%2F%2Flocalhost%3A9005&scope=read%3Auser%20repo%20public_repo
[info] 
[info] Waiting for authentication...
[debug] [2023-08-08T23:41:00.641Z] >>> [apiv2][query] POST https://github.com/login/oauth/access_token [none]
[debug] [2023-08-08T23:41:00.641Z] >>> [apiv2][body] POST https://github.com/login/oauth/access_token [stream]
[debug] [2023-08-08T23:41:01.233Z] <<< [apiv2][status] POST https://github.com/login/oauth/access_token 200
[debug] [2023-08-08T23:41:01.234Z] <<< [apiv2][body] POST https://github.com/login/oauth/access_token {"access_token":"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","token_type":"bearer","scope":"read:user,repo"}
[debug] [2023-08-08T23:41:01.248Z] >>> [apiv2][query] GET https://api.github.com/user [none]
[debug] [2023-08-08T23:41:01.785Z] <<< [apiv2][status] GET https://api.github.com/user 200
[debug] [2023-08-08T23:41:01.785Z] <<< [apiv2][body] GET https://api.github.com/user {"login":"yadalaa","id":120116372,"node_id":"U_kgDOByjUlA","avatar_url":"https://avatars.githubusercontent.com/u/120116372?v=4","gravatar_id":"","url":"https://api.github.com/users/yadalaa","html_url":"https://github.com/yadalaa","followers_url":"https://api.github.com/users/yadalaa/followers","following_url":"https://api.github.com/users/yadalaa/following{/other_user}","gists_url":"https://api.github.com/users/yadalaa/gists{/gist_id}","starred_url":"https://api.github.com/users/yadalaa/starred{/owner}{/repo}","subscriptions_url":"https://api.github.com/users/yadalaa/subscriptions","organizations_url":"https://api.github.com/users/yadalaa/orgs","repos_url":"https://api.github.com/users/yadalaa/repos","events_url":"https://api.github.com/users/yadalaa/events{/privacy}","received_events_url":"https://api.github.com/users/yadalaa/received_events","type":"User","site_admin":false,"name":null,"company":null,"blog":"","location":null,"email":null,"hireable":null,"bio":null,"twitter_username":null,"public_repos":24,"public_gists":0,"followers":0,"following":1,"created_at":"2022-12-08T15:09:09Z","updated_at":"2023-07-23T15:41:33Z","private_gists":0,"total_private_repos":1,"owned_private_repos":1,"disk_usage":65298,"collaborators":2,"two_factor_authentication":false,"plan":{"name":"free","space":976562499,"collaborators":0,"private_repos":10000}}
[info] 
[info] ✔  Success! Logged into GitHub as yadalaa 
[info] 
